[2m10:33:42[22m [31m[1m[vite][22m[39m [31mInternal server error: C:\Users\marco\OneDrive\Área de Trabalho\raft3d\frontend\src\pages\Dashboard.jsx: Unexpected keyword 'const'. (250:2)

[0m [90m 248 |[31m       }
 [90m 249 |[31m     }[33m,[31m
[31m[1m>[22m[31m[90m 250 |[31m   [36mconst[31m [33mLn[31m [33m=[31m () [33m=>[31m {
 [90m     |[31m   [31m[1m^[22m[31m
 [90m 251 |[31m       wc([33mV[31m)[33m.[31mthen(u [33m=>[31m s(u))[33m.[31m[36mcatch[31m(() [33m=>[31m {})[33m,[31m [33mSc[31m([33mV[31m[33m,[31m [32m"day"[31m)[33m.[31mthen(u [33m=>[31m o(u))[33m.[31m[36mcatch[31m(() [33m=>[31m {})[33m,[31m [33mBr[31m()[33m.[31m[36mcatch[31m(() [33m=>[31m {})[33m;[31m
 [90m 252 |[31m     }[33m,[31m
 [90m 253 |[31m     [33mWl[31m [33m=[31m [36masync[31m () [33m=>[31m {[0m[39m
  Plugin: [35mvite:react-babel[39m
  File: [36mC:/Users/marco/OneDrive/Área de Trabalho/raft3d/frontend/src/pages/Dashboard.jsx[39m:250:2
[33m  248|        }
  249|      },
  250|    const Ln = () => {
     |    ^
  251|        wc(V).then(u => s(u)).catch(() => {}), Sc(V, "day").then(u => o(u)).catch(() => {}), Br().catch(() => {});
  252|      },[39m
      at constructor (C:\Users\marco\OneDrive\Área de Trabalho\raft3d\frontend\node_modules\@babel\parser\lib\index.js:365:19)
      at JSXParserMixin.raise (C:\Users\marco\OneDrive\Área de Trabalho\raft3d\frontend\node_modules\@babel\parser\lib\index.js:6599:19)
      at JSXParserMixin.checkReservedWord (C:\Users\marco\OneDrive\Área de Trabalho\raft3d\frontend\node_modules\@babel\parser\lib\index.js:12224:12)
      at JSXParserMixin.parseIdentifierName (C:\Users\marco\OneDrive\Área de Trabalho\raft3d\frontend\node_modules\@babel\parser\lib\index.js:12211:12)
      at JSXParserMixin.parseIdentifier (C:\Users\marco\OneDrive\Área de Trabalho\raft3d\frontend\node_modules\@babel\parser\lib\index.js:12181:23)
      at JSXParserMixin.parseBindingAtom (C:\Users\marco\OneDrive\Área de Trabalho\raft3d\frontend\node_modules\@babel\parser\lib\index.js:7356:17)
      at JSXParserMixin.parseVarId (C:\Users\marco\OneDrive\Área de Trabalho\raft3d\frontend\node_modules\@babel\parser\lib\index.js:13402:21)
      at JSXParserMixin.parseVar (C:\Users\marco\OneDrive\Área de Trabalho\raft3d\frontend\node_modules\@babel\parser\lib\index.js:13383:12)
      at JSXParserMixin.parseVarStatement (C:\Users\marco\OneDrive\Área de Trabalho\raft3d\frontend\node_modules\@babel\parser\lib\index.js:13230:10)
      at JSXParserMixin.parseStatementContent (C:\Users\marco\OneDrive\Área de Trabalho\raft3d\frontend\node_modules\@babel\parser\lib\index.js:12851:23)
      at JSXParserMixin.parseStatementLike (C:\Users\marco\OneDrive\Área de Trabalho\raft3d\frontend\node_modules\@babel\parser\lib\index.js:12767:17)
      at JSXParserMixin.parseStatementListItem (C:\Users\marco\OneDrive\Área de Trabalho\raft3d\frontend\node_modules\@babel\parser\lib\index.js:12747:17)
      at JSXParserMixin.parseBlockOrModuleBlockBody (C:\Users\marco\OneDrive\Área de Trabalho\raft3d\frontend\node_modules\@babel\parser\lib\index.js:13316:61)
      at JSXParserMixin.parseBlockBody (C:\Users\marco\OneDrive\Área de Trabalho\raft3d\frontend\node_modules\@babel\parser\lib\index.js:13309:10)
      at JSXParserMixin.parseBlock (C:\Users\marco\OneDrive\Área de Trabalho\raft3d\frontend\node_modules\@babel\parser\lib\index.js:13297:10)
      at JSXParserMixin.parseFunctionBody (C:\Users\marco\OneDrive\Área de Trabalho\raft3d\frontend\node_modules\@babel\parser\lib\index.js:12100:24)
      at JSXParserMixin.parseFunctionBodyAndFinish (C:\Users\marco\OneDrive\Área de Trabalho\raft3d\frontend\node_modules\@babel\parser\lib\index.js:12086:10)
      at C:\Users\marco\OneDrive\Área de Trabalho\raft3d\frontend\node_modules\@babel\parser\lib\index.js:13445:12
      at JSXParserMixin.withSmartMixTopicForbiddingContext (C:\Users\marco\OneDrive\Área de Trabalho\raft3d\frontend\node_modules\@babel\parser\lib\index.js:12403:14)
      at JSXParserMixin.parseFunction (C:\Users\marco\OneDrive\Área de Trabalho\raft3d\frontend\node_modules\@babel\parser\lib\index.js:13444:10)
      at JSXParserMixin.parseFunctionStatement (C:\Users\marco\OneDrive\Área de Trabalho\raft3d\frontend\node_modules\@babel\parser\lib\index.js:13125:17)
      at JSXParserMixin.parseStatementContent (C:\Users\marco\OneDrive\Área de Trabalho\raft3d\frontend\node_modules\@babel\parser\lib\index.js:12791:21)
      at JSXParserMixin.parseStatementLike (C:\Users\marco\OneDrive\Área de Trabalho\raft3d\frontend\node_modules\@babel\parser\lib\index.js:12767:17)
      at JSXParserMixin.parseModuleItem (C:\Users\marco\OneDrive\Área de Trabalho\raft3d\frontend\node_modules\@babel\parser\lib\index.js:12744:17)
      at JSXParserMixin.parseBlockOrModuleBlockBody (C:\Users\marco\OneDrive\Área de Trabalho\raft3d\frontend\node_modules\@babel\parser\lib\index.js:13316:36)
      at JSXParserMixin.parseBlockBody (C:\Users\marco\OneDrive\Área de Trabalho\raft3d\frontend\node_modules\@babel\parser\lib\index.js:13309:10)
      at JSXParserMixin.parseProgram (C:\Users\marco\OneDrive\Área de Trabalho\raft3d\frontend\node_modules\@babel\parser\lib\index.js:12622:10)
      at JSXParserMixin.parseTopLevel (C:\Users\marco\OneDrive\Área de Trabalho\raft3d\frontend\node_modules\@babel\parser\lib\index.js:12612:25)
      at JSXParserMixin.parse (C:\Users\marco\OneDrive\Área de Trabalho\raft3d\frontend\node_modules\@babel\parser\lib\index.js:14488:25)
      at parse (C:\Users\marco\OneDrive\Área de Trabalho\raft3d\frontend\node_modules\@babel\parser\lib\index.js:14522:38)
      at parser (C:\Users\marco\OneDrive\Área de Trabalho\raft3d\frontend\node_modules\@babel\core\lib\parser\index.js:41:34)
      at parser.next (<anonymous>)
      at normalizeFile (C:\Users\marco\OneDrive\Área de Trabalho\raft3d\frontend\node_modules\@babel\core\lib\transformation\normalize-file.js:64:37)
      at normalizeFile.next (<anonymous>)
      at run (C:\Users\marco\OneDrive\Área de Trabalho\raft3d\frontend\node_modules\@babel\core\lib\transformation\index.js:22:50)
      at run.next (<anonymous>)
      at transform (C:\Users\marco\OneDrive\Área de Trabalho\raft3d\frontend\node_modules\@babel\core\lib\transform.js:22:33)
      at transform.next (<anonymous>)
      at step (C:\Users\marco\OneDrive\Área de Trabalho\raft3d\frontend\node_modules\gensync\index.js:261:32)
      at C:\Users\marco\OneDrive\Área de Trabalho\raft3d\frontend\node_modules\gensync\index.js:273:13
      at async.call.result.err.err (C:\Users\marco\OneDrive\Área de Trabalho\raft3d\frontend\node_modules\gensync\index.js:223:11)
      at C:\Users\marco\OneDrive\Área de Trabalho\raft3d\frontend\node_modules\gensync\index.js:189:28
      at C:\Users\marco\OneDrive\Área de Trabalho\raft3d\frontend\node_modules\@babel\core\lib\gensync-utils\async.js:67:7
      at C:\Users\marco\OneDrive\Área de Trabalho\raft3d\frontend\node_modules\gensync\index.js:113:33
      at step (C:\Users\marco\OneDrive\Área de Trabalho\raft3d\frontend\node_modules\gensync\index.js:287:14)
      at C:\Users\marco\OneDrive\Área de Trabalho\raft3d\frontend\node_modules\gensync\index.js:273:13
      at async.call.result.err.err (C:\Users\marco\OneDrive\Área de Trabalho\raft3d\frontend\node_modules\gensync\index.js:223:11)
[2m10:33:42[22m [31m[1m[vite][22m[39m [31mInternal server error: C:\Users\marco\OneDrive\Área de Trabalho\raft3d\frontend\src\pages\Dashboard.jsx: Unexpected keyword 'const'. (250:2)

[0m [90m 248 |[31m       }
 [90m 249 |[31m     }[33m,[31m
[31m[1m>[22m[31m[90m 250 |[31m   [36mconst[31m [33mLn[31m [33m=[31m () [33m=>[31m {
 [90m     |[31m   [31m[1m^[22m[31m
 [90m 251 |[31m       wc([33mV[31m)[33m.[31mthen(u [33m=>[31m s(u))[33m.[31m[36mcatch[31m(() [33m=>[31m {})[33m,[31m [33mSc[31m([33mV[31m[33m,[31m [32m"day"[31m)[33m.[31mthen(u [33m=>[31m o(u))[33m.[31m[36mcatch[31m(() [33m=>[31m {})[33m,[31m [33mBr[31m()[33m.[31m[36mcatch[31m(() [33m=>[31m {})[33m;[31m
 [90m 252 |[31m     }[33m,[31m
 [90m 253 |[31m     [33mWl[31m [33m=[31m [36masync[31m () [33m=>[31m {[0m[39m
  Plugin: [35mvite:react-babel[39m
  File: [36mC:/Users/marco/OneDrive/Área de Trabalho/raft3d/frontend/src/pages/Dashboard.jsx[39m:250:2
[33m  248|        }
  249|      },
  250|    const Ln = () => {
     |    ^
  251|        wc(V).then(u => s(u)).catch(() => {}), Sc(V, "day").then(u => o(u)).catch(() => {}), Br().catch(() => {});
  252|      },[39m
      at constructor (C:\Users\marco\OneDrive\Área de Trabalho\raft3d\frontend\node_modules\@babel\parser\lib\index.js:365:19)
      at JSXParserMixin.raise (C:\Users\marco\OneDrive\Área de Trabalho\raft3d\frontend\node_modules\@babel\parser\lib\index.js:6599:19)
      at JSXParserMixin.checkReservedWord (C:\Users\marco\OneDrive\Área de Trabalho\raft3d\frontend\node_modules\@babel\parser\lib\index.js:12224:12)
      at JSXParserMixin.parseIdentifierName (C:\Users\marco\OneDrive\Área de Trabalho\raft3d\frontend\node_modules\@babel\parser\lib\index.js:12211:12)
      at JSXParserMixin.parseIdentifier (C:\Users\marco\OneDrive\Área de Trabalho\raft3d\frontend\node_modules\@babel\parser\lib\index.js:12181:23)
      at JSXParserMixin.parseBindingAtom (C:\Users\marco\OneDrive\Área de Trabalho\raft3d\frontend\node_modules\@babel\parser\lib\index.js:7356:17)
      at JSXParserMixin.parseVarId (C:\Users\marco\OneDrive\Área de Trabalho\raft3d\frontend\node_modules\@babel\parser\lib\index.js:13402:21)
      at JSXParserMixin.parseVar (C:\Users\marco\OneDrive\Área de Trabalho\raft3d\frontend\node_modules\@babel\parser\lib\index.js:13383:12)
      at JSXParserMixin.parseVarStatement (C:\Users\marco\OneDrive\Área de Trabalho\raft3d\frontend\node_modules\@babel\parser\lib\index.js:13230:10)
      at JSXParserMixin.parseStatementContent (C:\Users\marco\OneDrive\Área de Trabalho\raft3d\frontend\node_modules\@babel\parser\lib\index.js:12851:23)
      at JSXParserMixin.parseStatementLike (C:\Users\marco\OneDrive\Área de Trabalho\raft3d\frontend\node_modules\@babel\parser\lib\index.js:12767:17)
      at JSXParserMixin.parseStatementListItem (C:\Users\marco\OneDrive\Área de Trabalho\raft3d\frontend\node_modules\@babel\parser\lib\index.js:12747:17)
      at JSXParserMixin.parseBlockOrModuleBlockBody (C:\Users\marco\OneDrive\Área de Trabalho\raft3d\frontend\node_modules\@babel\parser\lib\index.js:13316:61)
      at JSXParserMixin.parseBlockBody (C:\Users\marco\OneDrive\Área de Trabalho\raft3d\frontend\node_modules\@babel\parser\lib\index.js:13309:10)
      at JSXParserMixin.parseBlock (C:\Users\marco\OneDrive\Área de Trabalho\raft3d\frontend\node_modules\@babel\parser\lib\index.js:13297:10)
      at JSXParserMixin.parseFunctionBody (C:\Users\marco\OneDrive\Área de Trabalho\raft3d\frontend\node_modules\@babel\parser\lib\index.js:12100:24)
      at JSXParserMixin.parseFunctionBodyAndFinish (C:\Users\marco\OneDrive\Área de Trabalho\raft3d\frontend\node_modules\@babel\parser\lib\index.js:12086:10)
      at C:\Users\marco\OneDrive\Área de Trabalho\raft3d\frontend\node_modules\@babel\parser\lib\index.js:13445:12
      at JSXParserMixin.withSmartMixTopicForbiddingContext (C:\Users\marco\OneDrive\Área de Trabalho\raft3d\frontend\node_modules\@babel\parser\lib\index.js:12403:14)
      at JSXParserMixin.parseFunction (C:\Users\marco\OneDrive\Área de Trabalho\raft3d\frontend\node_modules\@babel\parser\lib\index.js:13444:10)
      at JSXParserMixin.parseFunctionStatement (C:\Users\marco\OneDrive\Área de Trabalho\raft3d\frontend\node_modules\@babel\parser\lib\index.js:13125:17)
      at JSXParserMixin.parseStatementContent (C:\Users\marco\OneDrive\Área de Trabalho\raft3d\frontend\node_modules\@babel\parser\lib\index.js:12791:21)
      at JSXParserMixin.parseStatementLike (C:\Users\marco\OneDrive\Área de Trabalho\raft3d\frontend\node_modules\@babel\parser\lib\index.js:12767:17)
      at JSXParserMixin.parseModuleItem (C:\Users\marco\OneDrive\Área de Trabalho\raft3d\frontend\node_modules\@babel\parser\lib\index.js:12744:17)
      at JSXParserMixin.parseBlockOrModuleBlockBody (C:\Users\marco\OneDrive\Área de Trabalho\raft3d\frontend\node_modules\@babel\parser\lib\index.js:13316:36)
      at JSXParserMixin.parseBlockBody (C:\Users\marco\OneDrive\Área de Trabalho\raft3d\frontend\node_modules\@babel\parser\lib\index.js:13309:10)
      at JSXParserMixin.parseProgram (C:\Users\marco\OneDrive\Área de Trabalho\raft3d\frontend\node_modules\@babel\parser\lib\index.js:12622:10)
      at JSXParserMixin.parseTopLevel (C:\Users\marco\OneDrive\Área de Trabalho\raft3d\frontend\node_modules\@babel\parser\lib\index.js:12612:25)
      at JSXParserMixin.parse (C:\Users\marco\OneDrive\Área de Trabalho\raft3d\frontend\node_modules\@babel\parser\lib\index.js:14488:25)
      at parse (C:\Users\marco\OneDrive\Área de Trabalho\raft3d\frontend\node_modules\@babel\parser\lib\index.js:14522:38)
      at parser (C:\Users\marco\OneDrive\Área de Trabalho\raft3d\frontend\node_modules\@babel\core\lib\parser\index.js:41:34)
      at parser.next (<anonymous>)
      at normalizeFile (C:\Users\marco\OneDrive\Área de Trabalho\raft3d\frontend\node_modules\@babel\core\lib\transformation\normalize-file.js:64:37)
      at normalizeFile.next (<anonymous>)
      at run (C:\Users\marco\OneDrive\Área de Trabalho\raft3d\frontend\node_modules\@babel\core\lib\transformation\index.js:22:50)
      at run.next (<anonymous>)
      at transform (C:\Users\marco\OneDrive\Área de Trabalho\raft3d\frontend\node_modules\@babel\core\lib\transform.js:22:33)
      at transform.next (<anonymous>)
      at step (C:\Users\marco\OneDrive\Área de Trabalho\raft3d\frontend\node_modules\gensync\index.js:261:32)
      at C:\Users\marco\OneDrive\Área de Trabalho\raft3d\frontend\node_modules\gensync\index.js:273:13
      at async.call.result.err.err (C:\Users\marco\OneDrive\Área de Trabalho\raft3d\frontend\node_modules\gensync\index.js:223:11)
      at C:\Users\marco\OneDrive\Área de Trabalho\raft3d\frontend\node_modules\gensync\index.js:189:28
      at C:\Users\marco\OneDrive\Área de Trabalho\raft3d\frontend\node_modules\@babel\core\lib\gensync-utils\async.js:67:7
      at C:\Users\marco\OneDrive\Área de Trabalho\raft3d\frontend\node_modules\gensync\index.js:113:33
      at step (C:\Users\marco\OneDrive\Área de Trabalho\raft3d\frontend\node_modules\gensync\index.js:287:14)
      at C:\Users\marco\OneDrive\Área de Trabalho\raft3d\frontend\node_modules\gensync\index.js:273:13
      at async.call.result.err.err (C:\Users\marco\OneDrive\Área de Trabalho\raft3d\frontend\node_modules\gensync\index.js:223:11)
[2m10:34:05[22m [31m[1m[vite][22m[39m [31mInternal server error: C:\Users\marco\OneDrive\Área de Trabalho\raft3d\frontend\src\pages\Dashboard.jsx: Unexpected keyword 'const'. (250:2)

[0m [90m 248 |[31m       }
 [90m 249 |[31m     }[33m,[31m
[31m[1m>[22m[31m[90m 250 |[31m   [36mconst[31m [33mLn[31m [33m=[31m () [33m=>[31m {
 [90m     |[31m   [31m[1m^[22m[31m
 [90m 251 |[31m       wc([33mV[31m)[33m.[31mthen(u [33m=>[31m s(u))[33m.[31m[36mcatch[31m(() [33m=>[31m {})[33m,[31m [33mSc[31m([33mV[31m[33m,[31m [32m"day"[31m)[33m.[31mthen(u [33m=>[31m o(u))[33m.[31m[36mcatch[31m(() [33m=>[31m {})[33m,[31m [33mBr[31m()[33m.[31m[36mcatch[31m(() [33m=>[31m {})[33m;[31m
 [90m 252 |[31m     }[33m,[31m
 [90m 253 |[31m     [33mWl[31m [33m=[31m [36masync[31m () [33m=>[31m {[0m[39m
  Plugin: [35mvite:react-babel[39m
  File: [36mC:/Users/marco/OneDrive/Área de Trabalho/raft3d/frontend/src/pages/Dashboard.jsx[39m:250:2
[33m  248|        }
  249|      },
  250|    const Ln = () => {
     |    ^
  251|        wc(V).then(u => s(u)).catch(() => {}), Sc(V, "day").then(u => o(u)).catch(() => {}), Br().catch(() => {});
  252|      },[39m
      at constructor (C:\Users\marco\OneDrive\Área de Trabalho\raft3d\frontend\node_modules\@babel\parser\lib\index.js:365:19)
      at JSXParserMixin.raise (C:\Users\marco\OneDrive\Área de Trabalho\raft3d\frontend\node_modules\@babel\parser\lib\index.js:6599:19)
      at JSXParserMixin.checkReservedWord (C:\Users\marco\OneDrive\Área de Trabalho\raft3d\frontend\node_modules\@babel\parser\lib\index.js:12224:12)
      at JSXParserMixin.parseIdentifierName (C:\Users\marco\OneDrive\Área de Trabalho\raft3d\frontend\node_modules\@babel\parser\lib\index.js:12211:12)
      at JSXParserMixin.parseIdentifier (C:\Users\marco\OneDrive\Área de Trabalho\raft3d\frontend\node_modules\@babel\parser\lib\index.js:12181:23)
      at JSXParserMixin.parseBindingAtom (C:\Users\marco\OneDrive\Área de Trabalho\raft3d\frontend\node_modules\@babel\parser\lib\index.js:7356:17)
      at JSXParserMixin.parseVarId (C:\Users\marco\OneDrive\Área de Trabalho\raft3d\frontend\node_modules\@babel\parser\lib\index.js:13402:21)
      at JSXParserMixin.parseVar (C:\Users\marco\OneDrive\Área de Trabalho\raft3d\frontend\node_modules\@babel\parser\lib\index.js:13383:12)
      at JSXParserMixin.parseVarStatement (C:\Users\marco\OneDrive\Área de Trabalho\raft3d\frontend\node_modules\@babel\parser\lib\index.js:13230:10)
      at JSXParserMixin.parseStatementContent (C:\Users\marco\OneDrive\Área de Trabalho\raft3d\frontend\node_modules\@babel\parser\lib\index.js:12851:23)
      at JSXParserMixin.parseStatementLike (C:\Users\marco\OneDrive\Área de Trabalho\raft3d\frontend\node_modules\@babel\parser\lib\index.js:12767:17)
      at JSXParserMixin.parseStatementListItem (C:\Users\marco\OneDrive\Área de Trabalho\raft3d\frontend\node_modules\@babel\parser\lib\index.js:12747:17)
      at JSXParserMixin.parseBlockOrModuleBlockBody (C:\Users\marco\OneDrive\Área de Trabalho\raft3d\frontend\node_modules\@babel\parser\lib\index.js:13316:61)
      at JSXParserMixin.parseBlockBody (C:\Users\marco\OneDrive\Área de Trabalho\raft3d\frontend\node_modules\@babel\parser\lib\index.js:13309:10)
      at JSXParserMixin.parseBlock (C:\Users\marco\OneDrive\Área de Trabalho\raft3d\frontend\node_modules\@babel\parser\lib\index.js:13297:10)
      at JSXParserMixin.parseFunctionBody (C:\Users\marco\OneDrive\Área de Trabalho\raft3d\frontend\node_modules\@babel\parser\lib\index.js:12100:24)
      at JSXParserMixin.parseFunctionBodyAndFinish (C:\Users\marco\OneDrive\Área de Trabalho\raft3d\frontend\node_modules\@babel\parser\lib\index.js:12086:10)
      at C:\Users\marco\OneDrive\Área de Trabalho\raft3d\frontend\node_modules\@babel\parser\lib\index.js:13445:12
      at JSXParserMixin.withSmartMixTopicForbiddingContext (C:\Users\marco\OneDrive\Área de Trabalho\raft3d\frontend\node_modules\@babel\parser\lib\index.js:12403:14)
      at JSXParserMixin.parseFunction (C:\Users\marco\OneDrive\Área de Trabalho\raft3d\frontend\node_modules\@babel\parser\lib\index.js:13444:10)
      at JSXParserMixin.parseFunctionStatement (C:\Users\marco\OneDrive\Área de Trabalho\raft3d\frontend\node_modules\@babel\parser\lib\index.js:13125:17)
      at JSXParserMixin.parseStatementContent (C:\Users\marco\OneDrive\Área de Trabalho\raft3d\frontend\node_modules\@babel\parser\lib\index.js:12791:21)
      at JSXParserMixin.parseStatementLike (C:\Users\marco\OneDrive\Área de Trabalho\raft3d\frontend\node_modules\@babel\parser\lib\index.js:12767:17)
      at JSXParserMixin.parseModuleItem (C:\Users\marco\OneDrive\Área de Trabalho\raft3d\frontend\node_modules\@babel\parser\lib\index.js:12744:17)
      at JSXParserMixin.parseBlockOrModuleBlockBody (C:\Users\marco\OneDrive\Área de Trabalho\raft3d\frontend\node_modules\@babel\parser\lib\index.js:13316:36)
      at JSXParserMixin.parseBlockBody (C:\Users\marco\OneDrive\Área de Trabalho\raft3d\frontend\node_modules\@babel\parser\lib\index.js:13309:10)
      at JSXParserMixin.parseProgram (C:\Users\marco\OneDrive\Área de Trabalho\raft3d\frontend\node_modules\@babel\parser\lib\index.js:12622:10)
      at JSXParserMixin.parseTopLevel (C:\Users\marco\OneDrive\Área de Trabalho\raft3d\frontend\node_modules\@babel\parser\lib\index.js:12612:25)
      at JSXParserMixin.parse (C:\Users\marco\OneDrive\Área de Trabalho\raft3d\frontend\node_modules\@babel\parser\lib\index.js:14488:25)
      at parse (C:\Users\marco\OneDrive\Área de Trabalho\raft3d\frontend\node_modules\@babel\parser\lib\index.js:14522:38)
      at parser (C:\Users\marco\OneDrive\Área de Trabalho\raft3d\frontend\node_modules\@babel\core\lib\parser\index.js:41:34)
      at parser.next (<anonymous>)
      at normalizeFile (C:\Users\marco\OneDrive\Área de Trabalho\raft3d\frontend\node_modules\@babel\core\lib\transformation\normalize-file.js:64:37)
      at normalizeFile.next (<anonymous>)
      at run (C:\Users\marco\OneDrive\Área de Trabalho\raft3d\frontend\node_modules\@babel\core\lib\transformation\index.js:22:50)
      at run.next (<anonymous>)
      at transform (C:\Users\marco\OneDrive\Área de Trabalho\raft3d\frontend\node_modules\@babel\core\lib\transform.js:22:33)
      at transform.next (<anonymous>)
      at step (C:\Users\marco\OneDrive\Área de Trabalho\raft3d\frontend\node_modules\gensync\index.js:261:32)
      at C:\Users\marco\OneDrive\Área de Trabalho\raft3d\frontend\node_modules\gensync\index.js:273:13
      at async.call.result.err.err (C:\Users\marco\OneDrive\Área de Trabalho\raft3d\frontend\node_modules\gensync\index.js:223:11)
      at C:\Users\marco\OneDrive\Área de Trabalho\raft3d\frontend\node_modules\gensync\index.js:189:28
      at C:\Users\marco\OneDrive\Área de Trabalho\raft3d\frontend\node_modules\@babel\core\lib\gensync-utils\async.js:67:7
      at C:\Users\marco\OneDrive\Área de Trabalho\raft3d\frontend\node_modules\gensync\index.js:113:33
      at step (C:\Users\marco\OneDrive\Área de Trabalho\raft3d\frontend\node_modules\gensync\index.js:287:14)
      at C:\Users\marco\OneDrive\Área de Trabalho\raft3d\frontend\node_modules\gensync\index.js:273:13
      at async.call.result.err.err (C:\Users\marco\OneDrive\Área de Trabalho\raft3d\frontend\node_modules\gensync\index.js:223:11)
[2m10:34:05[22m [31m[1m[vite][22m[39m [31mInternal server error: C:\Users\marco\OneDrive\Área de Trabalho\raft3d\frontend\src\pages\Dashboard.jsx: Unexpected keyword 'const'. (250:2)

[0m [90m 248 |[31m       }
 [90m 249 |[31m     }[33m,[31m
[31m[1m>[22m[31m[90m 250 |[31m   [36mconst[31m [33mLn[31m [33m=[31m () [33m=>[31m {
 [90m     |[31m   [31m[1m^[22m[31m
 [90m 251 |[31m       wc([33mV[31m)[33m.[31mthen(u [33m=>[31m s(u))[33m.[31m[36mcatch[31m(() [33m=>[31m {})[33m,[31m [33mSc[31m([33mV[31m[33m,[31m [32m"day"[31m)[33m.[31mthen(u [33m=>[31m o(u))[33m.[31m[36mcatch[31m(() [33m=>[31m {})[33m,[31m [33mBr[31m()[33m.[31m[36mcatch[31m(() [33m=>[31m {})[33m;[31m
 [90m 252 |[31m     }[33m,[31m
 [90m 253 |[31m     [33mWl[31m [33m=[31m [36masync[31m () [33m=>[31m {[0m[39m
  Plugin: [35mvite:react-babel[39m
  File: [36mC:/Users/marco/OneDrive/Área de Trabalho/raft3d/frontend/src/pages/Dashboard.jsx[39m:250:2
[33m  248|        }
  249|      },
  250|    const Ln = () => {
     |    ^
  251|        wc(V).then(u => s(u)).catch(() => {}), Sc(V, "day").then(u => o(u)).catch(() => {}), Br().catch(() => {});
  252|      },[39m
      at constructor (C:\Users\marco\OneDrive\Área de Trabalho\raft3d\frontend\node_modules\@babel\parser\lib\index.js:365:19)
      at JSXParserMixin.raise (C:\Users\marco\OneDrive\Área de Trabalho\raft3d\frontend\node_modules\@babel\parser\lib\index.js:6599:19)
      at JSXParserMixin.checkReservedWord (C:\Users\marco\OneDrive\Área de Trabalho\raft3d\frontend\node_modules\@babel\parser\lib\index.js:12224:12)
      at JSXParserMixin.parseIdentifierName (C:\Users\marco\OneDrive\Área de Trabalho\raft3d\frontend\node_modules\@babel\parser\lib\index.js:12211:12)
      at JSXParserMixin.parseIdentifier (C:\Users\marco\OneDrive\Área de Trabalho\raft3d\frontend\node_modules\@babel\parser\lib\index.js:12181:23)
      at JSXParserMixin.parseBindingAtom (C:\Users\marco\OneDrive\Área de Trabalho\raft3d\frontend\node_modules\@babel\parser\lib\index.js:7356:17)
      at JSXParserMixin.parseVarId (C:\Users\marco\OneDrive\Área de Trabalho\raft3d\frontend\node_modules\@babel\parser\lib\index.js:13402:21)
      at JSXParserMixin.parseVar (C:\Users\marco\OneDrive\Área de Trabalho\raft3d\frontend\node_modules\@babel\parser\lib\index.js:13383:12)
      at JSXParserMixin.parseVarStatement (C:\Users\marco\OneDrive\Área de Trabalho\raft3d\frontend\node_modules\@babel\parser\lib\index.js:13230:10)
      at JSXParserMixin.parseStatementContent (C:\Users\marco\OneDrive\Área de Trabalho\raft3d\frontend\node_modules\@babel\parser\lib\index.js:12851:23)
      at JSXParserMixin.parseStatementLike (C:\Users\marco\OneDrive\Área de Trabalho\raft3d\frontend\node_modules\@babel\parser\lib\index.js:12767:17)
      at JSXParserMixin.parseStatementListItem (C:\Users\marco\OneDrive\Área de Trabalho\raft3d\frontend\node_modules\@babel\parser\lib\index.js:12747:17)
      at JSXParserMixin.parseBlockOrModuleBlockBody (C:\Users\marco\OneDrive\Área de Trabalho\raft3d\frontend\node_modules\@babel\parser\lib\index.js:13316:61)
      at JSXParserMixin.parseBlockBody (C:\Users\marco\OneDrive\Área de Trabalho\raft3d\frontend\node_modules\@babel\parser\lib\index.js:13309:10)
      at JSXParserMixin.parseBlock (C:\Users\marco\OneDrive\Área de Trabalho\raft3d\frontend\node_modules\@babel\parser\lib\index.js:13297:10)
      at JSXParserMixin.parseFunctionBody (C:\Users\marco\OneDrive\Área de Trabalho\raft3d\frontend\node_modules\@babel\parser\lib\index.js:12100:24)
      at JSXParserMixin.parseFunctionBodyAndFinish (C:\Users\marco\OneDrive\Área de Trabalho\raft3d\frontend\node_modules\@babel\parser\lib\index.js:12086:10)
      at C:\Users\marco\OneDrive\Área de Trabalho\raft3d\frontend\node_modules\@babel\parser\lib\index.js:13445:12
      at JSXParserMixin.withSmartMixTopicForbiddingContext (C:\Users\marco\OneDrive\Área de Trabalho\raft3d\frontend\node_modules\@babel\parser\lib\index.js:12403:14)
      at JSXParserMixin.parseFunction (C:\Users\marco\OneDrive\Área de Trabalho\raft3d\frontend\node_modules\@babel\parser\lib\index.js:13444:10)
      at JSXParserMixin.parseFunctionStatement (C:\Users\marco\OneDrive\Área de Trabalho\raft3d\frontend\node_modules\@babel\parser\lib\index.js:13125:17)
      at JSXParserMixin.parseStatementContent (C:\Users\marco\OneDrive\Área de Trabalho\raft3d\frontend\node_modules\@babel\parser\lib\index.js:12791:21)
      at JSXParserMixin.parseStatementLike (C:\Users\marco\OneDrive\Área de Trabalho\raft3d\frontend\node_modules\@babel\parser\lib\index.js:12767:17)
      at JSXParserMixin.parseModuleItem (C:\Users\marco\OneDrive\Área de Trabalho\raft3d\frontend\node_modules\@babel\parser\lib\index.js:12744:17)
      at JSXParserMixin.parseBlockOrModuleBlockBody (C:\Users\marco\OneDrive\Área de Trabalho\raft3d\frontend\node_modules\@babel\parser\lib\index.js:13316:36)
      at JSXParserMixin.parseBlockBody (C:\Users\marco\OneDrive\Área de Trabalho\raft3d\frontend\node_modules\@babel\parser\lib\index.js:13309:10)
      at JSXParserMixin.parseProgram (C:\Users\marco\OneDrive\Área de Trabalho\raft3d\frontend\node_modules\@babel\parser\lib\index.js:12622:10)
      at JSXParserMixin.parseTopLevel (C:\Users\marco\OneDrive\Área de Trabalho\raft3d\frontend\node_modules\@babel\parser\lib\index.js:12612:25)
      at JSXParserMixin.parse (C:\Users\marco\OneDrive\Área de Trabalho\raft3d\frontend\node_modules\@babel\parser\lib\index.js:14488:25)
      at parse (C:\Users\marco\OneDrive\Área de Trabalho\raft3d\frontend\node_modules\@babel\parser\lib\index.js:14522:38)
      at parser (C:\Users\marco\OneDrive\Área de Trabalho\raft3d\frontend\node_modules\@babel\core\lib\parser\index.js:41:34)
      at parser.next (<anonymous>)
      at normalizeFile (C:\Users\marco\OneDrive\Área de Trabalho\raft3d\frontend\node_modules\@babel\core\lib\transformation\normalize-file.js:64:37)
      at normalizeFile.next (<anonymous>)
      at run (C:\Users\marco\OneDrive\Área de Trabalho\raft3d\frontend\node_modules\@babel\core\lib\transformation\index.js:22:50)
      at run.next (<anonymous>)
      at transform (C:\Users\marco\OneDrive\Área de Trabalho\raft3d\frontend\node_modules\@babel\core\lib\transform.js:22:33)
      at transform.next (<anonymous>)
      at step (C:\Users\marco\OneDrive\Área de Trabalho\raft3d\frontend\node_modules\gensync\index.js:261:32)
      at C:\Users\marco\OneDrive\Área de Trabalho\raft3d\frontend\node_modules\gensync\index.js:273:13
      at async.call.result.err.err (C:\Users\marco\OneDrive\Área de Trabalho\raft3d\frontend\node_modules\gensync\index.js:223:11)
      at C:\Users\marco\OneDrive\Área de Trabalho\raft3d\frontend\node_modules\gensync\index.js:189:28
      at C:\Users\marco\OneDrive\Área de Trabalho\raft3d\frontend\node_modules\@babel\core\lib\gensync-utils\async.js:67:7
      at C:\Users\marco\OneDrive\Área de Trabalho\raft3d\frontend\node_modules\gensync\index.js:113:33
      at step (C:\Users\marco\OneDrive\Área de Trabalho\raft3d\frontend\node_modules\gensync\index.js:287:14)
      at C:\Users\marco\OneDrive\Área de Trabalho\raft3d\frontend\node_modules\gensync\index.js:273:13
      at async.call.result.err.err (C:\Users\marco\OneDrive\Área de Trabalho\raft3d\frontend\node_modules\gensync\index.js:223:11)
