
> resinaraft-frontend@0.1.0 dev
> vite --host 0.0.0.0 --port 5173

Re-optimizing dependencies because vite config has changed

  [32m[1mVITE[22m v5.4.21[39m  [2mready in [0m[1m896[22m[2m[0m ms[22m

  [32m➜[39m  [1mLocal[22m:   [36mhttp://localhost:[1m5173[22m/[39m
  [32m➜[39m  [1mNetwork[22m: [36mhttp://172.23.224.1:[1m5173[22m/[39m
  [32m➜[39m  [1mNetwork[22m: [36mhttp://192.168.100.68:[1m5173[22m/[39m
[2m23:20:54[22m [36m[1m[vite][22m[39m [32mhmr update [39m[2m/src/pages/InventoryPage.jsx[22m
[2m23:20:54[22m [36m[1m[vite][22m[39m [32mhmr update [39m[2m/src/pages/InventoryPage.jsx[22m
[2m23:21:02[22m [36m[1m[vite][22m[39m [32mhmr update [39m[2m/src/pages/Dashboard.jsx[22m
[2m23:21:10[22m [36m[1m[vite][22m[39m [32mhmr update [39m[2m/src/App.jsx[22m
[2m23:21:17[22m [36m[1m[vite][22m[39m [32mhmr update [39m[2m/src/pages/SalesPage.jsx[22m
[2m23:22:00[22m [36m[1m[vite][22m[39m [32mhmr update [39m[2m/src/pages/InventoryPage.jsx, /src/pages/MaterialsPage.jsx[22m
[2m23:22:00[22m [36m[1m[vite][22m[39m [32mhmr update [39m[2m/src/pages/InventoryPage.jsx[22m
[2m23:22:00[22m [36m[1m[vite][22m[39m [32mhmr update [39m[2m/src/pages/InventoryPage.jsx, /src/pages/MaterialsPage.jsx[22m
[2m23:22:00[22m [36m[1m[vite][22m[39m [32mhmr update [39m[2m/src/pages/MaterialsPage.jsx[22m
[2m23:22:16[22m [36m[1m[vite][22m[39m [32mhmr update [39m[2m/src/pages/InventoryPage.jsx[22m
[2m23:28:39[22m [36m[1m[vite][22m[39m [32mhmr update [39m[2m/src/pages/MaterialsPage.jsx[22m
[2m23:31:49[22m [36m[1m[vite][22m[39m [32mhmr update [39m[2m/src/pages/InventoryPage.jsx, /src/pages/MaterialsPage.jsx[22m
[2m23:32:12[22m [36m[1m[vite][22m[39m [32mhmr update [39m[2m/src/pages/MaterialsPage.jsx[22m
[2m23:38:04[22m [36m[1m[vite][22m[39m [32mhmr update [39m[2m/src/pages/MaterialsPage.jsx[22m
[2m23:40:14[22m [36m[1m[vite][22m[39m [32mhmr update [39m[2m/src/pages/InventoryPage.jsx, /src/pages/MaterialsPage.jsx[22m
[2m23:46:20[22m [36m[1m[vite][22m[39m [32mhmr update [39m[2m/src/App.jsx, /src/pages/Dashboard.jsx, /src/pages/SalesPage.jsx[22m
[2m23:46:41[22m [36m[1m[vite][22m[39m [32mhmr update [39m[2m/src/pages/SalesPage.jsx[22m
[2m23:46:53[22m [36m[1m[vite][22m[39m [32mhmr update [39m[2m/src/App.jsx[22m
[2m23:47:00[22m [36m[1m[vite][22m[39m [32mhmr update [39m[2m/src/App.jsx[22m
[2m23:47:17[22m [36m[1m[vite][22m[39m [32mhmr update [39m[2m/src/App.jsx[22m
[2m23:47:35[22m [36m[1m[vite][22m[39m [32mhmr update [39m[2m/src/App.jsx[22m
[2m23:49:55[22m [36m[1m[vite][22m[39m [32mhmr update [39m[2m/src/pages/SalesPage.jsx[22m
[2m23:50:04[22m [36m[1m[vite][22m[39m [32mhmr update [39m[2m/src/App.jsx[22m
[2m23:53:04[22m [36m[1m[vite][22m[39m [32mhmr update [39m[2m/src/App.jsx[22m
[2m23:53:43[22m [36m[1m[vite][22m[39m [32mhmr update [39m[2m/src/App.jsx[22m
[2m23:54:09[22m [36m[1m[vite][22m[39m [32mhmr update [39m[2m/src/App.jsx[22m
[2m23:57:11[22m [36m[1m[vite][22m[39m [32mhmr update [39m[2m/src/App.jsx, /src/pages/Dashboard.jsx, /src/pages/CustomersPage.jsx, /src/pages/DrawingsPage.jsx, /src/pages/InventoryPage.jsx, /src/pages/SalesPage.jsx[22m
[2m23:57:21[22m [36m[1m[vite][22m[39m [32mhmr update [39m[2m/src/App.jsx, /src/pages/Dashboard.jsx, /src/pages/SalesPage.jsx[22m
[2m23:57:28[22m [36m[1m[vite][22m[39m [32mhmr update [39m[2m/src/pages/Dashboard.jsx, /src/pages/SalesPage.jsx[22m
[2m23:57:40[22m [36m[1m[vite][22m[39m [32mhmr update [39m[2m/src/pages/Dashboard.jsx[22m
[2m00:06:22[22m [36m[1m[vite][22m[39m [32mhmr update [39m[2m/src/App.jsx, /src/pages/Dashboard.jsx[22m
[2m00:06:37[22m [36m[1m[vite][22m[39m [32mhmr update [39m[2m/src/pages/Dashboard.jsx[22m
[2m00:07:52[22m [36m[1m[vite][22m[39m [32mhmr update [39m[2m/src/pages/Dashboard.jsx[22m
[2m00:09:40[22m [36m[1m[vite][22m[39m [32mhmr update [39m[2m/src/pages/Dashboard.jsx[22m
[2m00:17:34[22m [36m[1m[vite][22m[39m [32mhmr update [39m[2m/src/pages/Dashboard.jsx[22m
[2m00:18:00[22m [36m[1m[vite][22m[39m [32mhmr update [39m[2m/src/pages/Dashboard.jsx[22m
[2m00:23:16[22m [36m[1m[vite][22m[39m [32mhmr update [39m[2m/src/pages/Dashboard.jsx[22m
[2m00:23:24[22m [36m[1m[vite][22m[39m [32mhmr update [39m[2m/src/pages/Dashboard.jsx[22m
[2m00:23:41[22m [36m[1m[vite][22m[39m [32mhmr update [39m[2m/src/pages/Dashboard.jsx[22m
[2m00:24:46[22m [36m[1m[vite][22m[39m [32mhmr update [39m[2m/src/pages/Dashboard.jsx[22m
[2m00:38:49[22m [36m[1m[vite][22m[39m [32mhmr update [39m[2m/src/pages/Dashboard.jsx[22m
[2m00:38:59[22m [36m[1m[vite][22m[39m [32mhmr update [39m[2m/src/pages/SalesPage.jsx[22m
[2m00:39:05[22m [36m[1m[vite][22m[39m [32mhmr update [39m[2m/src/pages/CustomersPage.jsx[22m
[2m00:39:14[22m [36m[1m[vite][22m[39m [32mhmr update [39m[2m/src/pages/InventoryPage.jsx[22m
[2m00:39:23[22m [36m[1m[vite][22m[39m [32mhmr update [39m[2m/src/pages/MaterialsPage.jsx[22m
[2m00:40:00[22m [36m[1m[vite][22m[39m [32mhmr update [39m[2m/src/styles/base.css[22m
[2m00:40:08[22m [36m[1m[vite][22m[39m [32mhmr update [39m[2m/src/styles/base.css[22m
[2m00:40:15[22m [36m[1m[vite][22m[39m [32mhmr update [39m[2m/src/styles/base.css[22m
[2m00:41:24[22m [36m[1m[vite][22m[39m [32mhmr update [39m[2m/src/App.jsx[22m
[2m00:43:50[22m [36m[1m[vite][22m[39m [32mhmr update [39m[2m/src/App.jsx[22m
[2m00:44:01[22m [36m[1m[vite][22m[39m [32mhmr update [39m[2m/src/pages/SalesPage.jsx[22m
[2m00:44:09[22m [36m[1m[vite][22m[39m [32mhmr update [39m[2m/src/pages/CustomersPage.jsx[22m
[2m00:44:19[22m [36m[1m[vite][22m[39m [32mhmr update [39m[2m/src/pages/InventoryPage.jsx[22m
[2m00:44:27[22m [36m[1m[vite][22m[39m [32mhmr update [39m[2m/src/pages/MaterialsPage.jsx[22m
[2m00:44:35[22m [36m[1m[vite][22m[39m [32mhmr update [39m[2m/src/styles/base.css[22m
[2m00:49:43[22m [36m[1m[vite][22m[39m [32mhmr update [39m[2m/src/App.jsx[22m
[2m00:52:35[22m [36m[1m[vite][22m[39m [32mhmr update [39m[2m/src/App.jsx[22m
[2m00:52:59[22m [36m[1m[vite][22m[39m [32mhmr update [39m[2m/src/App.jsx[22m
[2m00:55:48[22m [36m[1m[vite][22m[39m [32mhmr update [39m[2m/src/pages/DrawingsPage.jsx[22m
